<?xml version="1.0" encoding="UTF-8" standalone="yes"?><!DOCTYPE report PUBLIC "-//JACOCO//DTD Report 1.1//EN" "report.dtd"><report name="Sprint_6"><sessioninfo id="DESKTOP-DV9UNOD-b8a77d0c" start="1719511082376" dump="1719511084448"/><sessioninfo id="DESKTOP-DV9UNOD-a4eae1e0" start="1719511082374" dump="1719511084474"/><sessioninfo id="DESKTOP-DV9UNOD-be04af4e" start="1719511102608" dump="1719511104668"/><sessioninfo id="DESKTOP-DV9UNOD-9343b6c4" start="1719511102606" dump="1719511104692"/><sessioninfo id="DESKTOP-DV9UNOD-8be80fd3" start="1719511534725" dump="1719511536764"/><sessioninfo id="DESKTOP-DV9UNOD-8ad5a53c" start="1719511534728" dump="1719511536787"/><sessioninfo id="DESKTOP-DV9UNOD-5fb3dd38" start="1719647252890" dump="1719647254968"/><sessioninfo id="DESKTOP-DV9UNOD-b63487cb" start="1719647252890" dump="1719647255000"/><sessioninfo id="DESKTOP-DV9UNOD-c8001636" start="1719649703134" dump="1719649705149"/><sessioninfo id="DESKTOP-DV9UNOD-99b4874" start="1719649703134" dump="1719649705181"/><sessioninfo id="DESKTOP-DV9UNOD-9d524fcf" start="1719650483121" dump="1719650485324"/><sessioninfo id="DESKTOP-DV9UNOD-8a264bc2" start="1719650483121" dump="1719650485355"/><sessioninfo id="DESKTOP-DV9UNOD-680b2a69" start="1719730591222" dump="1719730593566"/><sessioninfo id="DESKTOP-DV9UNOD-3a3ba414" start="1719730591222" dump="1719730593597"/><sessioninfo id="DESKTOP-DV9UNOD-7095f9d4" start="1719730686797" dump="1719730688875"/><sessioninfo id="DESKTOP-DV9UNOD-9d935bcc" start="1719730686797" dump="1719730688890"/><sessioninfo id="DESKTOP-DV9UNOD-7a24d3b6" start="1719730840084" dump="1719730842114"/><sessioninfo id="DESKTOP-DV9UNOD-4f8f1b3d" start="1719730840084" dump="1719730842146"/><sessioninfo id="DESKTOP-DV9UNOD-90011eee" start="1719736894133" dump="1719736896118"/><sessioninfo id="DESKTOP-DV9UNOD-1d4f3e56" start="1719736894133" dump="1719736896180"/><sessioninfo id="DESKTOP-DV9UNOD-898b8d81" start="1719737387159" dump="1719737389636"/><sessioninfo id="DESKTOP-DV9UNOD-a10be7e1" start="1719737387159" dump="1719737389661"/><sessioninfo id="DESKTOP-DV9UNOD-ba1012f8" start="1719739410690" dump="1719739412752"/><sessioninfo id="DESKTOP-DV9UNOD-17508476" start="1719739410690" dump="1719739412784"/><sessioninfo id="DESKTOP-DV9UNOD-cba3fbfb" start="1719742126137" dump="1719742128200"/><sessioninfo id="DESKTOP-DV9UNOD-6f40fc03" start="1719742126137" dump="1719742128232"/><sessioninfo id="DESKTOP-DV9UNOD-ce33b2b4" start="1719836891452" dump="1719836893644"/><sessioninfo id="DESKTOP-DV9UNOD-23c89266" start="1719836891452" dump="1719836893660"/><sessioninfo id="DESKTOP-DV9UNOD-771906c9" start="1719837107123" dump="1719837109231"/><sessioninfo id="DESKTOP-DV9UNOD-262efd8c" start="1719837107123" dump="1719837109263"/><sessioninfo id="DESKTOP-DV9UNOD-94ededa8" start="1719837728554" dump="1719837730584"/><sessioninfo id="DESKTOP-DV9UNOD-c3837b53" start="1719837728554" dump="1719837730600"/><sessioninfo id="DESKTOP-DV9UNOD-ecce1d49" start="1719837799499" dump="1719837801530"/><sessioninfo id="DESKTOP-DV9UNOD-bcacefe9" start="1719837799499" dump="1719837801545"/><sessioninfo id="DESKTOP-DV9UNOD-996b6ea2" start="1719837807957" dump="1719837810056"/><sessioninfo id="DESKTOP-DV9UNOD-b418c720" start="1719837807942" dump="1719837810087"/><sessioninfo id="DESKTOP-DV9UNOD-3020597c" start="1719838081751" dump="1719838083845"/><sessioninfo id="DESKTOP-DV9UNOD-5ab63214" start="1719838081751" dump="1719838083876"/><package name="com/example"><class name="com/example/Feline" sourcefilename="Feline.java"><method name="&lt;init&gt;" desc="()V" line="5"><counter type="INSTRUCTION" missed="0" covered="3"/><counter type="LINE" missed="0" covered="1"/><counter type="COMPLEXITY" missed="0" covered="1"/><counter type="METHOD" missed="0" covered="1"/></method><method name="eatMeat" desc="()Ljava/util/List;" line="9"><counter type="INSTRUCTION" missed="0" covered="4"/><counter type="LINE" missed="0" covered="1"/><counter type="COMPLEXITY" missed="0" covered="1"/><counter type="METHOD" missed="0" covered="1"/></method><method name="getFamily" desc="()Ljava/lang/String;" line="13"><counter type="INSTRUCTION" missed="0" covered="2"/><counter type="LINE" missed="0" covered="1"/><counter type="COMPLEXITY" missed="0" covered="1"/><counter type="METHOD" missed="0" covered="1"/></method><method name="getKittens" desc="()I" line="17"><counter type="INSTRUCTION" missed="0" covered="4"/><counter type="LINE" missed="0" covered="1"/><counter type="COMPLEXITY" missed="0" covered="1"/><counter type="METHOD" missed="0" covered="1"/></method><method name="getKittens" desc="(I)I" line="21"><counter type="INSTRUCTION" missed="0" covered="2"/><counter type="LINE" missed="0" covered="1"/><counter type="COMPLEXITY" missed="0" covered="1"/><counter type="METHOD" missed="0" covered="1"/></method><counter type="INSTRUCTION" missed="0" covered="15"/><counter type="LINE" missed="0" covered="5"/><counter type="COMPLEXITY" missed="0" covered="5"/><counter type="METHOD" missed="0" covered="5"/><counter type="CLASS" missed="0" covered="1"/></class><class name="com/example/Animal" sourcefilename="Animal.java"><method name="&lt;init&gt;" desc="()V" line="5"><counter type="INSTRUCTION" missed="0" covered="3"/><counter type="LINE" missed="0" covered="1"/><counter type="COMPLEXITY" missed="0" covered="1"/><counter type="METHOD" missed="0" covered="1"/></method><method name="getFood" desc="(Ljava/lang/String;)Ljava/util/List;" line="8"><counter type="INSTRUCTION" missed="9" covered="13"/><counter type="BRANCH" missed="2" covered="2"/><counter type="LINE" missed="2" covered="3"/><counter type="COMPLEXITY" missed="2" covered="1"/><counter type="METHOD" missed="0" covered="1"/></method><method name="getFamily" desc="()Ljava/lang/String;" line="18"><counter type="INSTRUCTION" missed="2" covered="0"/><counter type="LINE" missed="1" covered="0"/><counter type="COMPLEXITY" missed="1" covered="0"/><counter type="METHOD" missed="1" covered="0"/></method><counter type="INSTRUCTION" missed="11" covered="16"/><counter type="BRANCH" missed="2" covered="2"/><counter type="LINE" missed="3" covered="4"/><counter type="COMPLEXITY" missed="3" covered="2"/><counter type="METHOD" missed="1" covered="2"/><counter type="CLASS" missed="0" covered="1"/></class><class name="com/example/Lion" sourcefilename="Lion.java"><method name="&lt;init&gt;" desc="(Ljava/lang/String;Lcom/example/Feline;)V" line="10"><counter type="INSTRUCTION" missed="0" covered="27"/><counter type="BRANCH" missed="0" covered="4"/><counter type="LINE" missed="0" covered="8"/><counter type="COMPLEXITY" missed="0" covered="3"/><counter type="METHOD" missed="0" covered="1"/></method><method name="getKittens" desc="()I" line="23"><counter type="INSTRUCTION" missed="0" covered="4"/><counter type="LINE" missed="0" covered="1"/><counter type="COMPLEXITY" missed="0" covered="1"/><counter type="METHOD" missed="0" covered="1"/></method><method name="getKittens" desc="(I)I" line="27"><counter type="INSTRUCTION" missed="0" covered="5"/><counter type="LINE" missed="0" covered="1"/><counter type="COMPLEXITY" missed="0" covered="1"/><counter type="METHOD" missed="0" covered="1"/></method><method name="doesHaveMane" desc="()Z" line="31"><counter type="INSTRUCTION" missed="0" covered="3"/><counter type="LINE" missed="0" covered="1"/><counter type="COMPLEXITY" missed="0" covered="1"/><counter type="METHOD" missed="0" covered="1"/></method><method name="getFood" desc="()Ljava/util/List;" line="35"><counter type="INSTRUCTION" missed="0" covered="4"/><counter type="LINE" missed="0" covered="1"/><counter type="COMPLEXITY" missed="0" covered="1"/><counter type="METHOD" missed="0" covered="1"/></method><counter type="INSTRUCTION" missed="0" covered="43"/><counter type="BRANCH" missed="0" covered="4"/><counter type="LINE" missed="0" covered="12"/><counter type="COMPLEXITY" missed="0" covered="7"/><counter type="METHOD" missed="0" covered="5"/><counter type="CLASS" missed="0" covered="1"/></class><class name="com/example/Predator" sourcefilename="Predator.java"/><class name="com/example/Main" sourcefilename="Main.java"><method name="&lt;init&gt;" desc="()V" line="5"><counter type="INSTRUCTION" missed="3" covered="0"/><counter type="LINE" missed="1" covered="0"/><counter type="COMPLEXITY" missed="1" covered="0"/><counter type="METHOD" missed="1" covered="0"/></method><method name="main" desc="([Ljava/lang/String;)V" line="7"><counter type="INSTRUCTION" missed="24" covered="0"/><counter type="LINE" missed="7" covered="0"/><counter type="COMPLEXITY" missed="1" covered="0"/><counter type="METHOD" missed="1" covered="0"/></method><counter type="INSTRUCTION" missed="27" covered="0"/><counter type="LINE" missed="8" covered="0"/><counter type="COMPLEXITY" missed="2" covered="0"/><counter type="METHOD" missed="2" covered="0"/><counter type="CLASS" missed="1" covered="0"/></class><class name="com/example/Cat" sourcefilename="Cat.java"><method name="&lt;init&gt;" desc="(Lcom/example/Feline;)V" line="9"><counter type="INSTRUCTION" missed="0" covered="6"/><counter type="LINE" missed="0" covered="3"/><counter type="COMPLEXITY" missed="0" covered="1"/><counter type="METHOD" missed="0" covered="1"/></method><method name="getSound" desc="()Ljava/lang/String;" line="14"><counter type="INSTRUCTION" missed="0" covered="2"/><counter type="LINE" missed="0" covered="1"/><counter type="COMPLEXITY" missed="0" covered="1"/><counter type="METHOD" missed="0" covered="1"/></method><method name="getFood" desc="()Ljava/util/List;" line="18"><counter type="INSTRUCTION" missed="0" covered="4"/><counter type="LINE" missed="0" covered="1"/><counter type="COMPLEXITY" missed="0" covered="1"/><counter type="METHOD" missed="0" covered="1"/></method><counter type="INSTRUCTION" missed="0" covered="12"/><counter type="LINE" missed="0" covered="5"/><counter type="COMPLEXITY" missed="0" covered="3"/><counter type="METHOD" missed="0" covered="3"/><counter type="CLASS" missed="0" covered="1"/></class><sourcefile name="Lion.java"><line nr="10" mi="0" ci="2" mb="0" cb="0"/><line nr="11" mi="0" ci="3" mb="0" cb="0"/><line nr="13" mi="0" ci="4" mb="0" cb="2"/><line nr="14" mi="0" ci="4" mb="0" cb="0"/><line nr="15" mi="0" ci="4" mb="0" cb="2"/><line nr="16" mi="0" ci="4" mb="0" cb="0"/><line nr="18" mi="0" ci="5" mb="0" cb="0"/><line nr="20" mi="0" ci="1" mb="0" cb="0"/><line nr="23" mi="0" ci="4" mb="0" cb="0"/><line nr="27" mi="0" ci="5" mb="0" cb="0"/><line nr="31" mi="0" ci="3" mb="0" cb="0"/><line nr="35" mi="0" ci="4" mb="0" cb="0"/><counter type="INSTRUCTION" missed="0" covered="43"/><counter type="BRANCH" missed="0" covered="4"/><counter type="LINE" missed="0" covered="12"/><counter type="COMPLEXITY" missed="0" covered="7"/><counter type="METHOD" missed="0" covered="5"/><counter type="CLASS" missed="0" covered="1"/></sourcefile><sourcefile name="Predator.java"/><sourcefile name="Animal.java"><line nr="5" mi="0" ci="3" mb="0" cb="0"/><line nr="8" mi="0" ci="4" mb="1" cb="1"/><line nr="9" mi="4" ci="0" mb="0" cb="0"/><line nr="10" mi="0" ci="4" mb="1" cb="1"/><line nr="11" mi="0" ci="5" mb="0" cb="0"/><line nr="13" mi="5" ci="0" mb="0" cb="0"/><line nr="18" mi="2" ci="0" mb="0" cb="0"/><counter type="INSTRUCTION" missed="11" covered="16"/><counter type="BRANCH" missed="2" covered="2"/><counter type="LINE" missed="3" covered="4"/><counter type="COMPLEXITY" missed="3" covered="2"/><counter type="METHOD" missed="1" covered="2"/><counter type="CLASS" missed="0" covered="1"/></sourcefile><sourcefile name="Main.java"><line nr="5" mi="3" ci="0" mb="0" cb="0"/><line nr="7" mi="4" ci="0" mb="0" cb="0"/><line nr="8" mi="6" ci="0" mb="0" cb="0"/><line nr="9" mi="3" ci="0" mb="0" cb="0"/><line nr="10" mi="4" ci="0" mb="0" cb="0"/><line nr="11" mi="3" ci="0" mb="0" cb="0"/><line nr="12" mi="3" ci="0" mb="0" cb="0"/><line nr="13" mi="1" ci="0" mb="0" cb="0"/><counter type="INSTRUCTION" missed="27" covered="0"/><counter type="LINE" missed="8" covered="0"/><counter type="COMPLEXITY" missed="2" covered="0"/><counter type="METHOD" missed="2" covered="0"/><counter type="CLASS" missed="1" covered="0"/></sourcefile><sourcefile name="Feline.java"><line nr="5" mi="0" ci="3" mb="0" cb="0"/><line nr="9" mi="0" ci="4" mb="0" cb="0"/><line nr="13" mi="0" ci="2" mb="0" cb="0"/><line nr="17" mi="0" ci="4" mb="0" cb="0"/><line nr="21" mi="0" ci="2" mb="0" cb="0"/><counter type="INSTRUCTION" missed="0" covered="15"/><counter type="LINE" missed="0" covered="5"/><counter type="COMPLEXITY" missed="0" covered="5"/><counter type="METHOD" missed="0" covered="5"/><counter type="CLASS" missed="0" covered="1"/></sourcefile><sourcefile name="Cat.java"><line nr="9" mi="0" ci="2" mb="0" cb="0"/><line nr="10" mi="0" ci="3" mb="0" cb="0"/><line nr="11" mi="0" ci="1" mb="0" cb="0"/><line nr="14" mi="0" ci="2" mb="0" cb="0"/><line nr="18" mi="0" ci="4" mb="0" cb="0"/><counter type="INSTRUCTION" missed="0" covered="12"/><counter type="LINE" missed="0" covered="5"/><counter type="COMPLEXITY" missed="0" covered="3"/><counter type="METHOD" missed="0" covered="3"/><counter type="CLASS" missed="0" covered="1"/></sourcefile><counter type="INSTRUCTION" missed="38" covered="86"/><counter type="BRANCH" missed="2" covered="6"/><counter type="LINE" missed="11" covered="26"/><counter type="COMPLEXITY" missed="5" covered="17"/><counter type="METHOD" missed="3" covered="15"/><counter type="CLASS" missed="1" covered="4"/></package><counter type="INSTRUCTION" missed="38" covered="86"/><counter type="BRANCH" missed="2" covered="6"/><counter type="LINE" missed="11" covered="26"/><counter type="COMPLEXITY" missed="5" covered="17"/><counter type="METHOD" missed="3" covered="15"/><counter type="CLASS" missed="1" covered="4"/></report>